#
# A fatal error has been detected by the Java Runtime Environment:
#
#  EXCEPTION_ACCESS_VIOLATION (0xc0000005) at pc=0x0000000050c9b5d0, pid=14748, tid=0x0000000000006744
#
# JRE version: OpenJDK Runtime Environment (8.0_322-b06) (build 1.8.0_322-b06)
# Java VM: OpenJDK 64-Bit Server VM (25.322-b06 mixed mode windows-amd64 compressed oops)
# Problematic frame:
# V  [jvm.dll+0xeb5d0]
#
# Failed to write core dump. Minidumps are not enabled by default on client versions of Windows
#
# If you would like to submit a bug report, please visit:
#   https://github.com/corretto/corretto-8/issues/
#

---------------  T H R E A D  ---------------

Current thread (0x000001612e4c7800):  GCTaskThread [stack: 0x00000007fd900000,0x00000007fda00000] [id=26436]

siginfo: ExceptionCode=0xc0000005, ExceptionInformation=0x0000000000000008 0x000000000829b5d0

Registers:
RAX=0x000000000000a1cf, RBX=0x00000007289bb038, RCX=0x0000016189d12eb0, RDX=0x000000000000a1ce
RSP=0x00000007fd9ff570, RBP=0x00000007289bb004, RSI=0x0000000000000005, RDI=0x000001612e4d1930
R8 =0x0000000000000005, R9 =0x0000000000000005, R10=0x000000000000000c, R11=0x0000000000000000
R12=0x000001614884d858, R13=0x000000000000000c, R14=0x00000007289bb000, R15=0x000001614884d850
RIP=0x0000000050c9b5d0, EFLAGS=0x0000000000010297

Top of Stack: (sp=0x00000007fd9ff570)
0x00000007fd9ff570:   00000007289bb038 00000007289bb004
0x00000007fd9ff580:   0000000000000005 000001612e4d1930
0x00000007fd9ff590:   0000000000000000 000001612e4d19e8
0x00000007fd9ff5a0:   00000000511e3388 0000000000000000
0x00000007fd9ff5b0:   0000000000000000 000001612e4d1930
0x00000007fd9ff5c0:   000000000000a1cd 0000000050f8760a
0x00000007fd9ff5d0:   0000016189d12eb0 00000007fd9ff638
0x00000007fd9ff5e0:   00000007289bafe0 000001612e4d1930
0x00000007fd9ff5f0:   00000000513a7860 0000000000000004
0x00000007fd9ff600:   000a5b7d0001c921 000b475800013cdf
0x00000007fd9ff610:   000000072857128c 0000000050c9b6e5
0x00000007fd9ff620:   0000000728571320 0000000728571294
0x00000007fd9ff630:   0000000000000004 00000000511e3388
0x00000007fd9ff640:   0000000000000000 000001612e4c7cf0
0x00000007fd9ff650:   000001612e4c7ce0 0000000000000000
0x00000007fd9ff660:   00000161892a5a00 000001612e4d1930 

Instructions: (pc=0x0000000050c9b5d0)
0x0000000050c9b5b0:   4d 63 37 41 8b 47 04 4c 03 f6 49 8d 2c 86 4c 3b
0x0000000050c9b5c0:   f5 0f 83 a8 01 00 00 66 0f 1f 84 00 00 00 00 00
0x0000000050c9b5d0:   41 8b 06 85 c0 0f 84 82 01 00 00 8b 0d f7 9f 69
0x0000000050c9b5e0:   00 8b d8 48 d3 e3 8b 0d ec b5 6b 00 48 03 1d dd 


Register to memory mapping:

RAX=0x000000000000a1cf is an unknown value
RBX=0x00000007289bb038 is an oop
java.util.LinkedHashMap$Entry 
 - klass: 'java/util/LinkedHashMap$Entry'
RCX=0x0000016189d12eb0 is an unknown value
RDX=0x000000000000a1ce is an unknown value
RSP=0x00000007fd9ff570 is an unknown value
RBP=0x00000007289bb004 is pointing into object: 0x00000007289bafe0
java.util.LinkedHashMap$Entry 
 - klass: 'java/util/LinkedHashMap$Entry'
RSI=0x0000000000000005 is an unknown value
RDI=0x000001612e4d1930 is an unknown value
R8 =0x0000000000000005 is an unknown value
R9 =0x0000000000000005 is an unknown value
R10=0x000000000000000c is an unknown value
R11=0x0000000000000000 is an unknown value
R12=0x000001614884d858 is pointing into metadata
R13=0x000000000000000c is an unknown value
R14=0x00000007289bb000 is pointing into object: 0x00000007289bafe0
java.util.LinkedHashMap$Entry 
 - klass: 'java/util/LinkedHashMap$Entry'
R15=0x000001614884d850 is pointing into metadata


Stack: [0x00000007fd900000,0x00000007fda00000],  sp=0x00000007fd9ff570,  free space=1021k
Native frames: (J=compiled Java code, j=interpreted, Vv=VM code, C=native code)
V  [jvm.dll+0xeb5d0]
V  [jvm.dll+0x3d760a]
V  [jvm.dll+0x3d4f9f]
V  [jvm.dll+0x3d292e]
V  [jvm.dll+0x26baaa]
C  [msvcr120.dll+0x24f6b]
C  [msvcr120.dll+0x25098]
C  [KERNEL32.DLL+0x17034]
C  [ntdll.dll+0x52651]


---------------  P R O C E S S  ---------------

Java Threads: ( => current thread )
  0x000001618931e800 JavaThread "Service Thread" daemon [_thread_blocked, id=15364, stack(0x00000007feb00000,0x00000007fec00000)]
  0x000001618930b800 JavaThread "C1 CompilerThread3" daemon [_thread_blocked, id=3720, stack(0x00000007fea00000,0x00000007feb00000)]
  0x0000016189307000 JavaThread "C2 CompilerThread2" daemon [_thread_blocked, id=2952, stack(0x00000007fe900000,0x00000007fea00000)]
  0x0000016189306000 JavaThread "C2 CompilerThread1" daemon [_thread_blocked, id=5964, stack(0x00000007fe800000,0x00000007fe900000)]
  0x000001618930a000 JavaThread "C2 CompilerThread0" daemon [_thread_blocked, id=12852, stack(0x00000007fe700000,0x00000007fe800000)]
  0x000001618b137800 JavaThread "Monitor Ctrl-Break" daemon [_thread_in_native, id=22428, stack(0x00000007fe600000,0x00000007fe700000)]
  0x00000161892b3000 JavaThread "Attach Listener" daemon [_thread_blocked, id=19272, stack(0x00000007fe500000,0x00000007fe600000)]
  0x00000161892b2800 JavaThread "Signal Dispatcher" daemon [_thread_blocked, id=12256, stack(0x00000007fe400000,0x00000007fe500000)]
  0x0000016189288000 JavaThread "Finalizer" daemon [_thread_blocked, id=9944, stack(0x00000007fe300000,0x00000007fe400000)]
  0x0000016189280000 JavaThread "Reference Handler" daemon [_thread_blocked, id=7056, stack(0x00000007fe200000,0x00000007fe300000)]
  0x000001612e4b1000 JavaThread "main" [_thread_blocked, id=15440, stack(0x00000007fd800000,0x00000007fd900000)]

Other Threads:
  0x000001618924e000 VMThread [stack: 0x00000007fe100000,0x00000007fe200000] [id=4856]
  0x000001618b211000 WatcherThread [stack: 0x00000007fec00000,0x00000007fed00000] [id=24780]

=>0x000001612e4c7800 (exited) GCTaskThread [stack: 0x00000007fd900000,0x00000007fda00000] [id=26436]

VM state:at safepoint (normal execution)

VM Mutex/Monitor currently owned by a thread:  ([mutex/lock_event])
[0x000001612e4ae880] Threads_lock - owner thread: 0x000001618924e000
[0x000001612e4af210] Heap_lock - owner thread: 0x000001612e4b1000

heap address: 0x00000006c1400000, size: 4076 MB, Compressed Oops mode: Zero based, Oop shift amount: 3
Narrow klass base: 0x0000016148820000, Narrow klass shift: 0
Compressed class space size: 1073741824 Address: 0x0000016148820000

Heap:
 PSYoungGen      total 857088K, used 405936K [0x000000076b180000, 0x00000007bea80000, 0x00000007c0000000)
  eden space 393728K, 100% used [0x000000076b180000,0x0000000783200000,0x0000000783200000)
  from space 463360K, 2% used [0x0000000783200000,0x0000000783dec1e8,0x000000079f680000)
  to   space 463360K, 0% used [0x00000007a2600000,0x00000007a2600000,0x00000007bea80000)
 ParOldGen       total 2782720K, used 2782591K [0x00000006c1400000, 0x000000076b180000, 0x000000076b180000)
  object space 2782720K, 99% used [0x00000006c1400000,0x000000076b15fd78,0x000000076b180000)
 Metaspace       used 4026K, capacity 4640K, committed 4864K, reserved 1056768K
  class space    used 421K, capacity 464K, committed 512K, reserved 1048576K

Card table byte_map: [0x000001613f370000,0x000001613fb70000] byte_map_base: 0x000001613bd66000

Marking Bits: (ParMarkBitMap*) 0x00000000513a7860
 Begin Bits: [0x00000161400c0000, 0x0000016144070000)
 End Bits:   [0x0000016144070000, 0x0000016148020000)

Polling page: 0x000001612e6a0000

CodeCache: size=245760Kb used=2579Kb max_used=2593Kb free=243180Kb
 bounds [0x000001612ffb0000, 0x0000016130240000, 0x000001613efb0000]
 total_blobs=660 nmethods=392 adapters=181
 compilation: enabled

Compilation events (10 events):
Event: 5.917 Thread 0x0000016189306000  390       4       java.io.WinNTFileSystem::normalize (231 bytes)
Event: 5.932 Thread 0x0000016189306000 nmethod 390 0x000001613023a950 code [0x000001613023ab40, 0x000001613023c920]
Event: 11.307 Thread 0x0000016189306000  391       4       java.util.Hashtable::addEntry (87 bytes)
Event: 11.308 Thread 0x0000016189306000 nmethod 391 0x000001613022c210 code [0x000001613022c380, 0x000001613022c638]
Event: 11.536 Thread 0x000001618930b800  392       1       java.lang.ref.Finalizer::access$000 (4 bytes)
Event: 11.536 Thread 0x000001618930b800 nmethod 392 0x000001613022bf10 code [0x000001613022c060, 0x000001613022c158]
Event: 11.562 Thread 0x0000016189307000  393       4       java.lang.String::getChars (62 bytes)
Event: 11.563 Thread 0x0000016189307000 nmethod 393 0x0000016130230a50 code [0x0000016130230ba0, 0x0000016130230d18]
Event: 11.622 Thread 0x000001618930b800  394       1       java.nio.charset.CharsetDecoder::implReplaceWith (1 bytes)
Event: 11.622 Thread 0x000001618930b800 nmethod 394 0x0000016130230790 code [0x00000161302308e0, 0x00000161302309f8]

GC Heap History (10 events):
Event: 55.816 GC heap after
Heap after GC invocations=79 (full 54):
 PSYoungGen      total 857088K, used 405936K [0x000000076b180000, 0x00000007bea80000, 0x00000007c0000000)
  eden space 393728K, 100% used [0x000000076b180000,0x0000000783200000,0x0000000783200000)
  from space 463360K, 2% used [0x0000000783200000,0x0000000783dec1e8,0x000000079f680000)
  to   space 463360K, 0% used [0x00000007a2600000,0x00000007a2600000,0x00000007bea80000)
 ParOldGen       total 2782720K, used 2782584K [0x00000006c1400000, 0x000000076b180000, 0x000000076b180000)
  object space 2782720K, 99% used [0x00000006c1400000,0x000000076b15e2a8,0x000000076b180000)
 Metaspace       used 4026K, capacity 4640K, committed 4864K, reserved 1056768K
  class space    used 421K, capacity 464K, committed 512K, reserved 1048576K
}
Event: 55.816 GC heap before
{Heap before GC invocations=80 (full 55):
 PSYoungGen      total 857088K, used 405936K [0x000000076b180000, 0x00000007bea80000, 0x00000007c0000000)
  eden space 393728K, 100% used [0x000000076b180000,0x0000000783200000,0x0000000783200000)
  from space 463360K, 2% used [0x0000000783200000,0x0000000783dec1e8,0x000000079f680000)
  to   space 463360K, 0% used [0x00000007a2600000,0x00000007a2600000,0x00000007bea80000)
 ParOldGen       total 2782720K, used 2782586K [0x00000006c1400000, 0x000000076b180000, 0x000000076b180000)
  object space 2782720K, 99% used [0x00000006c1400000,0x000000076b15eb20,0x000000076b180000)
 Metaspace       used 4026K, capacity 4640K, committed 4864K, reserved 1056768K
  class space    used 421K, capacity 464K, committed 512K, reserved 1048576K
Event: 56.743 GC heap after
Heap after GC invocations=80 (full 55):
 PSYoungGen      total 857088K, used 405936K [0x000000076b180000, 0x00000007bea80000, 0x00000007c0000000)
  eden space 393728K, 100% used [0x000000076b180000,0x0000000783200000,0x0000000783200000)
  from space 463360K, 2% used [0x0000000783200000,0x0000000783dec1e8,0x000000079f680000)
  to   space 463360K, 0% used [0x00000007a2600000,0x00000007a2600000,0x00000007bea80000)
 ParOldGen       total 2782720K, used 2782585K [0x00000006c1400000, 0x000000076b180000, 0x000000076b180000)
  object space 2782720K, 99% used [0x00000006c1400000,0x000000076b15e668,0x000000076b180000)
 Metaspace       used 4026K, capacity 4640K, committed 4864K, reserved 1056768K
  class space    used 421K, capacity 464K, committed 512K, reserved 1048576K
}
Event: 56.743 GC heap before
{Heap before GC invocations=81 (full 56):
 PSYoungGen      total 857088K, used 405936K [0x000000076b180000, 0x00000007bea80000, 0x00000007c0000000)
  eden space 393728K, 100% used [0x000000076b180000,0x0000000783200000,0x0000000783200000)
  from space 463360K, 2% used [0x0000000783200000,0x0000000783dec1e8,0x000000079f680000)
  to   space 463360K, 0% used [0x00000007a2600000,0x00000007a2600000,0x00000007bea80000)
 ParOldGen       total 2782720K, used 2782587K [0x00000006c1400000, 0x000000076b180000, 0x000000076b180000)
  object space 2782720K, 99% used [0x00000006c1400000,0x000000076b15eea8,0x000000076b180000)
 Metaspace       used 4026K, capacity 4640K, committed 4864K, reserved 1056768K
  class space    used 421K, capacity 464K, committed 512K, reserved 1048576K
Event: 57.644 GC heap after
Heap after GC invocations=81 (full 56):
 PSYoungGen      total 857088K, used 405936K [0x000000076b180000, 0x00000007bea80000, 0x00000007c0000000)
  eden space 393728K, 100% used [0x000000076b180000,0x0000000783200000,0x0000000783200000)
  from space 463360K, 2% used [0x0000000783200000,0x0000000783dec1e8,0x000000079f680000)
  to   space 463360K, 0% used [0x00000007a2600000,0x00000007a2600000,0x00000007bea80000)
 ParOldGen       total 2782720K, used 2782587K [0x00000006c1400000, 0x000000076b180000, 0x000000076b180000)
  object space 2782720K, 99% used [0x00000006c1400000,0x000000076b15ec30,0x000000076b180000)
 Metaspace       used 4026K, capacity 4640K, committed 4864K, reserved 1056768K
  class space    used 421K, capacity 464K, committed 512K, reserved 1048576K
}
Event: 57.644 GC heap before
{Heap before GC invocations=82 (full 57):
 PSYoungGen      total 857088K, used 405936K [0x000000076b180000, 0x00000007bea80000, 0x00000007c0000000)
  eden space 393728K, 100% used [0x000000076b180000,0x0000000783200000,0x0000000783200000)
  from space 463360K, 2% used [0x0000000783200000,0x0000000783dec1e8,0x000000079f680000)
  to   space 463360K, 0% used [0x00000007a2600000,0x00000007a2600000,0x00000007bea80000)
 ParOldGen       total 2782720K, used 2782589K [0x00000006c1400000, 0x000000076b180000, 0x000000076b180000)
  object space 2782720K, 99% used [0x00000006c1400000,0x000000076b15f478,0x000000076b180000)
 Metaspace       used 4026K, capacity 4640K, committed 4864K, reserved 1056768K
  class space    used 421K, capacity 464K, committed 512K, reserved 1048576K
Event: 58.545 GC heap after
Heap after GC invocations=82 (full 57):
 PSYoungGen      total 857088K, used 405936K [0x000000076b180000, 0x00000007bea80000, 0x00000007c0000000)
  eden space 393728K, 100% used [0x000000076b180000,0x0000000783200000,0x0000000783200000)
  from space 463360K, 2% used [0x0000000783200000,0x0000000783dec1e8,0x000000079f680000)
  to   space 463360K, 0% used [0x00000007a2600000,0x00000007a2600000,0x00000007bea80000)
 ParOldGen       total 2782720K, used 2782587K [0x00000006c1400000, 0x000000076b180000, 0x000000076b180000)
  object space 2782720K, 99% used [0x00000006c1400000,0x000000076b15efc8,0x000000076b180000)
 Metaspace       used 4026K, capacity 4640K, committed 4864K, reserved 1056768K
  class space    used 421K, capacity 464K, committed 512K, reserved 1048576K
}
Event: 58.545 GC heap before
{Heap before GC invocations=83 (full 58):
 PSYoungGen      total 857088K, used 405936K [0x000000076b180000, 0x00000007bea80000, 0x00000007c0000000)
  eden space 393728K, 100% used [0x000000076b180000,0x0000000783200000,0x0000000783200000)
  from space 463360K, 2% used [0x0000000783200000,0x0000000783dec1e8,0x000000079f680000)
  to   space 463360K, 0% used [0x00000007a2600000,0x00000007a2600000,0x00000007bea80000)
 ParOldGen       total 2782720K, used 2782590K [0x00000006c1400000, 0x000000076b180000, 0x000000076b180000)
  object space 2782720K, 99% used [0x00000006c1400000,0x000000076b15f800,0x000000076b180000)
 Metaspace       used 4026K, capacity 4640K, committed 4864K, reserved 1056768K
  class space    used 421K, capacity 464K, committed 512K, reserved 1048576K
Event: 59.432 GC heap after
Heap after GC invocations=83 (full 58):
 PSYoungGen      total 857088K, used 405936K [0x000000076b180000, 0x00000007bea80000, 0x00000007c0000000)
  eden space 393728K, 100% used [0x000000076b180000,0x0000000783200000,0x0000000783200000)
  from space 463360K, 2% used [0x0000000783200000,0x0000000783dec1e8,0x000000079f680000)
  to   space 463360K, 0% used [0x00000007a2600000,0x00000007a2600000,0x00000007bea80000)
 ParOldGen       total 2782720K, used 2782589K [0x00000006c1400000, 0x000000076b180000, 0x000000076b180000)
  object space 2782720K, 99% used [0x00000006c1400000,0x000000076b15f588,0x000000076b180000)
 Metaspace       used 4026K, capacity 4640K, committed 4864K, reserved 1056768K
  class space    used 421K, capacity 464K, committed 512K, reserved 1048576K
}
Event: 59.432 GC heap before
{Heap before GC invocations=84 (full 59):
 PSYoungGen      total 857088K, used 405936K [0x000000076b180000, 0x00000007bea80000, 0x00000007c0000000)
  eden space 393728K, 100% used [0x000000076b180000,0x0000000783200000,0x0000000783200000)
  from space 463360K, 2% used [0x0000000783200000,0x0000000783dec1e8,0x000000079f680000)
  to   space 463360K, 0% used [0x00000007a2600000,0x00000007a2600000,0x00000007bea80000)
 ParOldGen       total 2782720K, used 2782591K [0x00000006c1400000, 0x000000076b180000, 0x000000076b180000)
  object space 2782720K, 99% used [0x00000006c1400000,0x000000076b15fd78,0x000000076b180000)
 Metaspace       used 4026K, capacity 4640K, committed 4864K, reserved 1056768K
  class space    used 421K, capacity 464K, committed 512K, reserved 1048576K

Deoptimization events (10 events):
Event: 1.066 Thread 0x00000161892b3000 Uncommon trap: reason=unstable_if action=reinterpret pc=0x0000016130160af8 method=java.util.Arrays.copyOf([Ljava/lang/Object;ILjava/lang/Class;)[Ljava/lang/Object; @ 3
Event: 1.067 Thread 0x00000161892b3000 Uncommon trap: reason=class_check action=maybe_recompile pc=0x000001613013116c method=java.util.HashMap.getNode(ILjava/lang/Object;)Ljava/util/HashMap$Node; @ 126
Event: 1.067 Thread 0x00000161892b3000 Uncommon trap: reason=class_check action=maybe_recompile pc=0x00000161300fb740 method=java.util.LinkedHashMap.afterNodeInsertion(Z)V @ 15
Event: 1.067 Thread 0x00000161892b3000 Uncommon trap: reason=class_check action=maybe_recompile pc=0x000001613013116c method=java.util.HashMap.getNode(ILjava/lang/Object;)Ljava/util/HashMap$Node; @ 126
Event: 1.067 Thread 0x00000161892b3000 Uncommon trap: reason=class_check action=maybe_recompile pc=0x000001613013116c method=java.util.HashMap.getNode(ILjava/lang/Object;)Ljava/util/HashMap$Node; @ 126
Event: 1.067 Thread 0x00000161892b3000 Uncommon trap: reason=class_check action=maybe_recompile pc=0x00000161300fb740 method=java.util.LinkedHashMap.afterNodeInsertion(Z)V @ 15
Event: 1.070 Thread 0x00000161892b3000 Uncommon trap: reason=speculate_class_check action=maybe_recompile pc=0x00000161301dba60 method=java.util.HashMap.putVal(ILjava/lang/Object;Ljava/lang/Object;ZZ)Ljava/lang/Object; @ 152
Event: 1.070 Thread 0x00000161892b3000 Uncommon trap: reason=speculate_class_check action=maybe_recompile pc=0x00000161301dba60 method=java.util.HashMap.putVal(ILjava/lang/Object;Ljava/lang/Object;ZZ)Ljava/lang/Object; @ 152
Event: 58.545 Thread 0x00000161892b2800 Uncommon trap: reason=class_check action=maybe_recompile pc=0x0000016130162a68 method=java.util.Hashtable.get(Ljava/lang/Object;)Ljava/lang/Object; @ 6
Event: 59.432 Thread 0x00000161892b2800 Uncommon trap: reason=class_check action=maybe_recompile pc=0x0000016130162a68 method=java.util.Hashtable.get(Ljava/lang/Object;)Ljava/lang/Object; @ 6

Classes redefined (0 events):
No events

Internal exceptions (9 events):
Event: 0.015 Thread 0x000001612e4b1000 Exception <a 'java/lang/NoSuchMethodError': Method sun.misc.Unsafe.defineClass(Ljava/lang/String;[BII)Ljava/lang/Class; name or signature does not match> (0x000000076b188288) thrown at [C:\wsjdk\Corretto8Src\installers\windows\zip\corretto-build\buildRoot
Event: 0.015 Thread 0x000001612e4b1000 Exception <a 'java/lang/NoSuchMethodError': Method sun.misc.Unsafe.prefetchRead(Ljava/lang/Object;J)V name or signature does not match> (0x000000076b188570) thrown at [C:\wsjdk\Corretto8Src\installers\windows\zip\corretto-build\buildRoot\src\hotspot\src\s
Event: 1.060 Thread 0x00000161892b3000 Implicit null exception at 0x000001613015bdda to 0x000001613015be75
Event: 1.061 Thread 0x00000161892b3000 Implicit null exception at 0x0000016130163134 to 0x00000161301631a9
Event: 1.066 Thread 0x00000161892b3000 Implicit null exception at 0x0000016130125f75 to 0x0000016130126145
Event: 1.068 Thread 0x00000161892b3000 Exception <a 'java/security/PrivilegedActionException'> (0x000000076db87ec0) thrown at [C:\wsjdk\Corretto8Src\installers\windows\zip\corretto-build\buildRoot\src\hotspot\src\share\vm\prims\jvm.cpp, line 1524]
Event: 1.068 Thread 0x00000161892b3000 Exception <a 'java/security/PrivilegedActionException'> (0x000000076db882b8) thrown at [C:\wsjdk\Corretto8Src\installers\windows\zip\corretto-build\buildRoot\src\hotspot\src\share\vm\prims\jvm.cpp, line 1524]
Event: 1.069 Thread 0x00000161892b3000 Exception <a 'java/security/PrivilegedActionException'> (0x000000076db8b4f0) thrown at [C:\wsjdk\Corretto8Src\installers\windows\zip\corretto-build\buildRoot\src\hotspot\src\share\vm\prims\jvm.cpp, line 1524]
Event: 1.069 Thread 0x00000161892b3000 Exception <a 'java/security/PrivilegedActionException'> (0x000000076db8b8e8) thrown at [C:\wsjdk\Corretto8Src\installers\windows\zip\corretto-build\buildRoot\src\hotspot\src\share\vm\prims\jvm.cpp, line 1524]

Events (10 events):
Event: 58.545 Executing VM operation: ParallelGCFailedAllocation done
Event: 58.545 Thread 0x00000161892b2800 Uncommon trap: trap_request=0xffffffde fr.pc=0x0000016130162a68
Event: 58.545 Thread 0x00000161892b2800 DEOPT PACKING pc=0x0000016130162a68 sp=0x00000007fe4febb0
Event: 58.545 Executing VM operation: ParallelGCFailedAllocation
Event: 58.545 Thread 0x00000161892b2800 DEOPT UNPACKING pc=0x000001612fff5583 sp=0x00000007fe4feb68 mode 2
Event: 59.432 Executing VM operation: ParallelGCFailedAllocation done
Event: 59.432 Thread 0x00000161892b2800 Uncommon trap: trap_request=0xffffffde fr.pc=0x0000016130162a68
Event: 59.432 Thread 0x00000161892b2800 DEOPT PACKING pc=0x0000016130162a68 sp=0x00000007fe4febb0
Event: 59.432 Executing VM operation: ParallelGCFailedAllocation
Event: 59.432 Thread 0x00000161892b2800 DEOPT UNPACKING pc=0x000001612fff5583 sp=0x00000007fe4feb68 mode 2


Dynamic libraries:
0x00007ff71e990000 - 0x00007ff71e9ca000 	C:\Users\Adam\.jdks\corretto-1.8.0_322\bin\java.exe
0x00007ffc1b870000 - 0x00007ffc1ba65000 	C:\WINDOWS\SYSTEM32\ntdll.dll
0x00007ffc1ab80000 - 0x00007ffc1ac3e000 	C:\WINDOWS\System32\KERNEL32.DLL
0x00007ffc19180000 - 0x00007ffc19448000 	C:\WINDOWS\System32\KERNELBASE.dll
0x00007ffc198d0000 - 0x00007ffc1997e000 	C:\WINDOWS\System32\ADVAPI32.dll
0x00007ffc1b790000 - 0x00007ffc1b82e000 	C:\WINDOWS\System32\msvcrt.dll
0x00007ffc19ac0000 - 0x00007ffc19b5c000 	C:\WINDOWS\System32\sechost.dll
0x00007ffc19d00000 - 0x00007ffc19e25000 	C:\WINDOWS\System32\RPCRT4.dll
0x00007ffc1afe0000 - 0x00007ffc1b180000 	C:\WINDOWS\System32\USER32.dll
0x00007ffc198a0000 - 0x00007ffc198c2000 	C:\WINDOWS\System32\win32u.dll
0x00007ffc1ac50000 - 0x00007ffc1ac7b000 	C:\WINDOWS\System32\GDI32.dll
0x00007ffc19450000 - 0x00007ffc1955b000 	C:\WINDOWS\System32\gdi32full.dll
0x00007ffc19040000 - 0x00007ffc190dd000 	C:\WINDOWS\System32\msvcp_win.dll
0x00007ffc19560000 - 0x00007ffc19660000 	C:\WINDOWS\System32\ucrtbase.dll
0x00007ffbf65e0000 - 0x00007ffbf687a000 	C:\WINDOWS\WinSxS\amd64_microsoft.windows.common-controls_6595b64144ccf1df_6.0.19041.1110_none_60b5254171f9507e\COMCTL32.dll
0x00007ffc19a30000 - 0x00007ffc19a60000 	C:\WINDOWS\System32\IMM32.DLL
0x00007ffbb6c00000 - 0x00007ffbb6cef000 	C:\Users\Adam\.jdks\corretto-1.8.0_322\jre\bin\msvcr120.dll
0x00007ffbe7c80000 - 0x00007ffbe7d26000 	C:\Users\Adam\.jdks\corretto-1.8.0_322\jre\bin\msvcp120.dll
0x0000000050bb0000 - 0x0000000051426000 	C:\Users\Adam\.jdks\corretto-1.8.0_322\jre\bin\server\jvm.dll
0x00007ffc1b680000 - 0x00007ffc1b688000 	C:\WINDOWS\System32\PSAPI.DLL
0x00007ffc13830000 - 0x00007ffc13839000 	C:\WINDOWS\SYSTEM32\WSOCK32.dll
0x00007ffc0d6c0000 - 0x00007ffc0d6e7000 	C:\WINDOWS\SYSTEM32\WINMM.dll
0x00007ffc10e90000 - 0x00007ffc10e9a000 	C:\WINDOWS\SYSTEM32\VERSION.dll
0x00007ffc19c90000 - 0x00007ffc19cfb000 	C:\WINDOWS\System32\WS2_32.dll
0x00007ffc14010000 - 0x00007ffc1401f000 	C:\Users\Adam\.jdks\corretto-1.8.0_322\jre\bin\verify.dll
0x00007ffc13560000 - 0x00007ffc13589000 	C:\Users\Adam\.jdks\corretto-1.8.0_322\jre\bin\java.dll
0x00007ffc09dd0000 - 0x00007ffc09dfa000 	C:\Users\Adam\.jdks\corretto-1.8.0_322\jre\bin\instrument.dll
0x00007ffc13800000 - 0x00007ffc13816000 	C:\Users\Adam\.jdks\corretto-1.8.0_322\jre\bin\zip.dll
0x00007ffc1a3d0000 - 0x00007ffc1ab14000 	C:\WINDOWS\System32\SHELL32.dll
0x00007ffc170c0000 - 0x00007ffc17854000 	C:\WINDOWS\SYSTEM32\windows.storage.dll
0x00007ffc1ac80000 - 0x00007ffc1afd4000 	C:\WINDOWS\System32\combase.dll
0x00007ffc189f0000 - 0x00007ffc18a1c000 	C:\WINDOWS\SYSTEM32\Wldp.dll
0x00007ffc1b270000 - 0x00007ffc1b31d000 	C:\WINDOWS\System32\SHCORE.dll
0x00007ffc19b60000 - 0x00007ffc19bb5000 	C:\WINDOWS\System32\shlwapi.dll
0x00007ffc18ed0000 - 0x00007ffc18eef000 	C:\WINDOWS\SYSTEM32\profapi.dll
0x00007ffc09d70000 - 0x00007ffc09d8a000 	C:\Program Files\JetBrains\IntelliJ IDEA 2021.2.3\bin\breakgen64.dll
0x00007ffbfdb20000 - 0x00007ffbfdb3a000 	C:\Users\Adam\.jdks\corretto-1.8.0_322\jre\bin\net.dll
0x00007ffc18750000 - 0x00007ffc187ba000 	C:\WINDOWS\system32\mswsock.dll
0x00007ffc0b160000 - 0x00007ffc0b344000 	C:\WINDOWS\SYSTEM32\dbghelp.dll
0x00007ffc19660000 - 0x00007ffc196e2000 	C:\WINDOWS\System32\bcryptPrimitives.dll

VM Arguments:
jvm_args: -javaagent:C:\Program Files\JetBrains\IntelliJ IDEA 2021.2.3\lib\idea_rt.jar=56288:C:\Program Files\JetBrains\IntelliJ IDEA 2021.2.3\bin -Dfile.encoding=UTF-8 
java_command: furche.pg.StatisticsCalculator
java_class_path (initial): C:\Users\Adam\.jdks\corretto-1.8.0_322\jre\lib\charsets.jar;C:\Users\Adam\.jdks\corretto-1.8.0_322\jre\lib\ext\access-bridge-64.jar;C:\Users\Adam\.jdks\corretto-1.8.0_322\jre\lib\ext\cldrdata.jar;C:\Users\Adam\.jdks\corretto-1.8.0_322\jre\lib\ext\dnsns.jar;C:\Users\Adam\.jdks\corretto-1.8.0_322\jre\lib\ext\jaccess.jar;C:\Users\Adam\.jdks\corretto-1.8.0_322\jre\lib\ext\jfxrt.jar;C:\Users\Adam\.jdks\corretto-1.8.0_322\jre\lib\ext\localedata.jar;C:\Users\Adam\.jdks\corretto-1.8.0_322\jre\lib\ext\nashorn.jar;C:\Users\Adam\.jdks\corretto-1.8.0_322\jre\lib\ext\sunec.jar;C:\Users\Adam\.jdks\corretto-1.8.0_322\jre\lib\ext\sunjce_provider.jar;C:\Users\Adam\.jdks\corretto-1.8.0_322\jre\lib\ext\sunmscapi.jar;C:\Users\Adam\.jdks\corretto-1.8.0_322\jre\lib\ext\sunpkcs11.jar;C:\Users\Adam\.jdks\corretto-1.8.0_322\jre\lib\ext\zipfs.jar;C:\Users\Adam\.jdks\corretto-1.8.0_322\jre\lib\jce.jar;C:\Users\Adam\.jdks\corretto-1.8.0_322\jre\lib\jfr.jar;C:\Users\Adam\.jdks\corretto-1.8.0_322\jre\lib\jfxswt.jar;C:\Users\Adam\.jdks\corretto-1.8.0_322\jre\lib\jsse.jar;C:\Users\Adam\.jdks\corretto-1.8.0_322\jre\lib\management-agent.jar;C:\Users\Adam\.jdks\corretto-1.8.0_322\jre\lib\resources.jar;C:\Users\Adam\.jdks\corretto-1.8.0_322\jre\lib\rt.jar;C:\Users\Adam\Desktop\180097\target\classes;C:\Users\Adam\.m2\repository\org\projectlombok\lombok\1.18.22\lombok-1.18.22.jar;C:\Program Files\JetBrains\IntelliJ IDEA 2021.2.3\lib\idea_rt.jar
Launcher Type: SUN_STANDARD

Environment Variables:
USERNAME=Adam
OS=Windows_NT
PROCESSOR_IDENTIFIER=Intel64 Family 6 Model 158 Stepping 13, GenuineIntel



---------------  S Y S T E M  ---------------

OS: Windows 10.0 , 64 bit Build 19041 (10.0.19041.1566)

CPU:total 8 (initial active 8) (8 cores per cpu, 1 threads per core) family 6 model 158 stepping 13, cmov, cx8, fxsr, mmx, sse, sse2, sse3, ssse3, sse4.1, sse4.2, popcnt, avx, avx2, aes, clmul, erms, rtm, 3dnowpref, lzcnt, tsc, tscinvbit, bmi1, bmi2, adx

Memory: 4k page, physical 16690408k(2887184k free), swap 28749032k(6555480k free)

vm_info: OpenJDK 64-Bit Server VM (25.322-b06) for windows-amd64 JRE (1.8.0_322-b06), built on Jan 13 2022 23:37:51 by "Administrator" with MS VC++ 12.0 (VS2013)

time: Wed Apr 06 17:06:25 2022
timezone: ?rodkowoeuropejski czas letni
elapsed time: 59.906131 seconds (0d 0h 0m 59s)

